build/app/intermediates/manifest_merge_blame_file/debug/manifest-merger-blame-debug-report.txt
1<?xml version="1.0" encoding="utf-8"?>
2<manifest xmlns:android="http://schemas.android.com/apk/res/android"
3    package="com.example.daily_reminder"
4    android:versionCode="1"
5    android:versionName="1.0.0" >
6
7    <uses-sdk
8        android:minSdkVersion="16"
9        android:targetSdkVersion="31" />
10    <!--
11         Flutter needs it to communicate with the running application
12         to allow setting breakpoints, to provide hot reload, etc.
13    -->
14    <uses-permission android:name="android.permission.INTERNET" />
14-->src\main\AndroidManifest.xml:5:5-66
14-->src\main\AndroidManifest.xml:5:22-64
15    <uses-permission android:name="android.permission.VIBRATE" />
15-->src\main\AndroidManifest.xml:6:5-66
15-->src\main\AndroidManifest.xml:6:22-63
16    <uses-permission android:name="android.permission.RECEIVE_BOOT_COMPLETED" />
16-->src\main\AndroidManifest.xml:7:5-80
16-->src\main\AndroidManifest.xml:7:22-78
17    <uses-permission android:name="android.permission.USE_FULL_SCREEN_INTENT" />
17-->[:flutter_local_notifications] AndroidManifest.xml:9:5-81
17-->[:flutter_local_notifications] AndroidManifest.xml:9:22-78
18    <uses-permission android:name="android.permission.SCHEDULE_EXACT_ALARM" />
18-->[:flutter_local_notifications] AndroidManifest.xml:10:5-79
18-->[:flutter_local_notifications] AndroidManifest.xml:10:22-76
19
20    <application
20-->src\main\AndroidManifest.xml:9:5-48:19
21        android:appComponentFactory="androidx.core.app.CoreComponentFactory"
21-->[androidx.core:core:1.6.0] AndroidManifest.xml:24:18-86
22        android:debuggable="true"
23        android:icon="@mipmap/ic_launcher"
23-->src\main\AndroidManifest.xml:11:9-43
24        android:label="Daily Reminder" >
24-->src\main\AndroidManifest.xml:10:9-39
25        <activity
25-->src\main\AndroidManifest.xml:12:9-32:20
26            android:name="com.example.daily_reminder.MainActivity"
26-->src\main\AndroidManifest.xml:13:13-41
27            android:configChanges="orientation|keyboardHidden|keyboard|screenSize|smallestScreenSize|locale|layoutDirection|fontScale|screenLayout|density|uiMode"
27-->src\main\AndroidManifest.xml:17:13-163
28            android:exported="true"
28-->src\main\AndroidManifest.xml:14:13-36
29            android:hardwareAccelerated="true"
29-->src\main\AndroidManifest.xml:18:13-47
30            android:launchMode="singleTop"
30-->src\main\AndroidManifest.xml:15:13-43
31            android:theme="@style/LaunchTheme"
31-->src\main\AndroidManifest.xml:16:13-47
32            android:windowSoftInputMode="adjustResize" >
32-->src\main\AndroidManifest.xml:19:13-55
33
34            <!--
35                 Specifies an Android theme to apply to this Activity as soon as
36                 the Android process has started. This theme is visible to the user
37                 while the Flutter UI initializes. After that, this theme continues
38                 to determine the Window background behind the Flutter UI.
39            -->
40            <meta-data
40-->src\main\AndroidManifest.xml:24:13-27:17
41                android:name="io.flutter.embedding.android.NormalTheme"
41-->src\main\AndroidManifest.xml:25:15-70
42                android:resource="@style/NormalTheme" />
42-->src\main\AndroidManifest.xml:26:15-52
43
44            <intent-filter>
44-->src\main\AndroidManifest.xml:28:13-31:29
45                <action android:name="android.intent.action.MAIN" />
45-->src\main\AndroidManifest.xml:29:17-68
45-->src\main\AndroidManifest.xml:29:25-66
46
47                <category android:name="android.intent.category.LAUNCHER" />
47-->src\main\AndroidManifest.xml:30:17-76
47-->src\main\AndroidManifest.xml:30:27-74
48            </intent-filter>
49        </activity>
50
51        <receiver
51-->src\main\AndroidManifest.xml:34:9-40:20
52            android:name="com.dexterous.flutterlocalnotifications.ScheduledNotificationBootReceiver"
52-->src\main\AndroidManifest.xml:34:19-107
53            android:exported="false" >
53-->[:flutter_local_notifications] AndroidManifest.xml:18:13-37
54            <intent-filter>
54-->src\main\AndroidManifest.xml:36:13-39:29
55                <action android:name="android.intent.action.BOOT_COMPLETED" />
55-->src\main\AndroidManifest.xml:37:17-79
55-->src\main\AndroidManifest.xml:37:25-76
56                <action android:name="android.intent.action.MY_PACKAGE_REPLACED" />
56-->src\main\AndroidManifest.xml:38:17-84
56-->src\main\AndroidManifest.xml:38:25-81
57            </intent-filter>
58            <intent-filter>
58-->[:flutter_local_notifications] AndroidManifest.xml:19:13-24:29
59                <action android:name="android.intent.action.BOOT_COMPLETED" />
59-->src\main\AndroidManifest.xml:37:17-79
59-->src\main\AndroidManifest.xml:37:25-76
60                <action android:name="android.intent.action.MY_PACKAGE_REPLACED" />
60-->src\main\AndroidManifest.xml:38:17-84
60-->src\main\AndroidManifest.xml:38:25-81
61                <action android:name="android.intent.action.QUICKBOOT_POWERON" />
61-->[:flutter_local_notifications] AndroidManifest.xml:22:17-82
61-->[:flutter_local_notifications] AndroidManifest.xml:22:25-79
62                <action android:name="com.htc.intent.action.QUICKBOOT_POWERON" />
62-->[:flutter_local_notifications] AndroidManifest.xml:23:17-82
62-->[:flutter_local_notifications] AndroidManifest.xml:23:25-79
63            </intent-filter>
64        </receiver>
65        <receiver
65-->src\main\AndroidManifest.xml:41:9-106
66            android:name="com.dexterous.flutterlocalnotifications.ScheduledNotificationReceiver"
66-->src\main\AndroidManifest.xml:41:19-103
67            android:exported="false" />
67-->[:flutter_local_notifications] AndroidManifest.xml:15:13-37
68
69        <!--
70             Don't delete the meta-data below.
71             This is used by the Flutter tool to generate GeneratedPluginRegistrant.java
72        -->
73        <meta-data
73-->src\main\AndroidManifest.xml:45:9-47:33
74            android:name="flutterEmbedding"
74-->src\main\AndroidManifest.xml:46:13-44
75            android:value="2" />
75-->src\main\AndroidManifest.xml:47:13-30
76
77        <uses-library
77-->[androidx.window:window:1.0.0-beta04] AndroidManifest.xml:25:9-27:40
78            android:name="androidx.window.extensions"
78-->[androidx.window:window:1.0.0-beta04] AndroidManifest.xml:26:13-54
79            android:required="false" />
79-->[androidx.window:window:1.0.0-beta04] AndroidManifest.xml:27:13-37
80        <uses-library
80-->[androidx.window:window:1.0.0-beta04] AndroidManifest.xml:28:9-30:40
81            android:name="androidx.window.sidecar"
81-->[androidx.window:window:1.0.0-beta04] AndroidManifest.xml:29:13-51
82            android:required="false" />
82-->[androidx.window:window:1.0.0-beta04] AndroidManifest.xml:30:13-37
83    </application>
84
85</manifest>